Build started 02-Mar-16 2:01:24 PM.
     1>Project "C:\Users\Mildan\Desktop\Starcraft-Bot\ExampleAIModule\ExampleAIModule.vcxproj" on node 2 (Build target(s)).
     1>ClCompile:
         C:\Program Files (x86)\Microsoft Visual Studio 12.0\VC\bin\CL.exe /c /I../include /Zi /nologo /W3 /WX- /MP /Od /Oy- /D NOMINMAX /D WIN32 /D _DEBUG /D _WINDOWS /D _USRDLL /D EXAMPLEAIMODULE_EXPORTS /D _WINDLL /D _UNICODE /D UNICODE /Gm- /EHsc /RTC1 /MDd /GS /fp:precise /Zc:wchar_t /Zc:forScope /Fo"Debug\\" /Fd"Debug\vc120.pdb" /Gd /TP /analyze- /errorReport:prompt Source\Dll.cpp Source\ExampleAIModule.cpp Source\Scouting.cpp
         Dll.cpp
         ExampleAIModule.cpp
         Scouting.cpp
     1>Source\Scouting.cpp(35): warning C4018: '<' : signed/unsigned mismatch
     1>Source\Scouting.cpp(38): warning C4018: '<' : signed/unsigned mismatch
     1>c:\users\mildan\desktop\starcraft-bot\exampleaimodule\source\scouting.cpp(79): warning C4715: 'endScouting' : not all control paths return a value
     1>c:\users\mildan\desktop\starcraft-bot\exampleaimodule\source\scouting.cpp(71): warning C4715: 'getDistance' : not all control paths return a value
       Link:
         C:\Program Files (x86)\Microsoft Visual Studio 12.0\VC\bin\link.exe /ERRORREPORT:PROMPT /OUT:"C:\Users\Mildan\Desktop\Starcraft-Bot\ExampleAIModule\Debug\ExampleAIModule.dll" /INCREMENTAL:NO /NOLOGO ../lib/BWAPId.lib kernel32.lib user32.lib gdi32.lib winspool.lib comdlg32.lib advapi32.lib shell32.lib ole32.lib oleaut32.lib uuid.lib odbc32.lib odbccp32.lib /MANIFEST /MANIFESTUAC:"level='asInvoker' uiAccess='false'" /manifest:embed /DEBUG /PDB:"C:\Users\Mildan\Desktop\Starcraft-Bot\ExampleAIModule\Debug\ExampleAIModule.pdb" /SUBSYSTEM:WINDOWS /TLBID:1 /DYNAMICBASE /NXCOMPAT /IMPLIB:"Debug\ExampleAIModule.lib" /MACHINE:X86 /SAFESEH /DLL Debug\Dll.obj
         Debug\ExampleAIModule.obj
         Debug\Scouting.obj
            Creating library Debug\ExampleAIModule.lib and object Debug\ExampleAIModule.exp
     1>ExampleAIModule.obj : error LNK2019: unresolved external symbol "public: bool __thiscall ExampleAIModule::workerNeeded(class BWAPI::UnitInterface *)" (?workerNeeded@ExampleAIModule@@QAE_NPAVUnitInterface@BWAPI@@@Z) referenced in function "public: virtual void __thiscall ExampleAIModule::onFrame(void)" (?onFrame@ExampleAIModule@@UAEXXZ)
     1>ExampleAIModule.obj : error LNK2019: unresolved external symbol "public: void __thiscall ExampleAIModule::buildWorker(class BWAPI::UnitInterface *)" (?buildWorker@ExampleAIModule@@QAEXPAVUnitInterface@BWAPI@@@Z) referenced in function "public: virtual void __thiscall ExampleAIModule::onFrame(void)" (?onFrame@ExampleAIModule@@UAEXXZ)
     1>C:\Users\Mildan\Desktop\Starcraft-Bot\ExampleAIModule\Debug\ExampleAIModule.dll : fatal error LNK1120: 2 unresolved externals
     1>Done Building Project "C:\Users\Mildan\Desktop\Starcraft-Bot\ExampleAIModule\ExampleAIModule.vcxproj" (Build target(s)) -- FAILED.

Build FAILED.

Time Elapsed 00:00:08.27
