<<<<<<< HEAD
<<<<<<< HEAD
﻿Build started 16-03-2016 14:41:45.
     1>Project "C:\Users\matjias\Source\Repos\Starcraft-Bot\ExampleAIModule\ExampleAIModule.vcxproj" on node 2 (Rebuild target(s)).
     1>ClCompile:
         C:\Program Files (x86)\Microsoft Visual Studio 12.0\VC\bin\CL.exe /c /I../include /Zi /nologo /W3 /WX- /MP /O2 /Oi /Oy- /GL /D NOMINMAX /D WIN32 /D NDEBUG /D _WINDOWS /D _USRDLL /D EXAMPLEAIMODULE_EXPORTS /D _WINDLL /Gm- /EHsc /MD /GS /Gy /fp:precise /Zc:wchar_t /Zc:forScope /Fo"Release\\" /Fd"Release\vc120.pdb" /Gd /TP /analyze- /errorReport:prompt Army.cpp Source\Dll.cpp Source\ExampleAIModule.cpp Source\Scouting.cpp
         Army.cpp
         Dll.cpp
         ExampleAIModule.cpp
=======
﻿Build started 16-Mar-16 1:13:53 PM.
     1>Project "C:\Users\Mildan\Desktop\Starcraft-Bot\ExampleAIModule\ExampleAIModule.vcxproj" on node 2 (Build target(s)).
     1>ClCompile:
         C:\Program Files (x86)\Microsoft Visual Studio 12.0\VC\bin\CL.exe /c /I../include /Zi /nologo /W3 /WX- /MP /O2 /Oi /Oy- /GL /D NOMINMAX /D WIN32 /D NDEBUG /D _WINDOWS /D _USRDLL /D EXAMPLEAIMODULE_EXPORTS /D _WINDLL /Gm- /EHsc /MD /GS /Gy /fp:precise /Zc:wchar_t /Zc:forScope /Fo"Release\\" /Fd"Release\vc120.pdb" /Gd /TP /analyze- /errorReport:prompt Source\Scouting.cpp
>>>>>>> cf1c122e59af0ed08a8ad830502e961c1801c278
=======
﻿Build started 16-Mar-16 1:13:53 PM.
     1>Project "C:\Users\Mildan\Desktop\Starcraft-Bot\ExampleAIModule\ExampleAIModule.vcxproj" on node 2 (Build target(s)).
     1>ClCompile:
         C:\Program Files (x86)\Microsoft Visual Studio 12.0\VC\bin\CL.exe /c /I../include /Zi /nologo /W3 /WX- /MP /O2 /Oi /Oy- /GL /D NOMINMAX /D WIN32 /D NDEBUG /D _WINDOWS /D _USRDLL /D EXAMPLEAIMODULE_EXPORTS /D _WINDLL /Gm- /EHsc /MD /GS /Gy /fp:precise /Zc:wchar_t /Zc:forScope /Fo"Release\\" /Fd"Release\vc120.pdb" /Gd /TP /analyze- /errorReport:prompt Source\Scouting.cpp
>>>>>>> cf1c122e59af0ed08a8ad830502e961c1801c278
         Scouting.cpp
     1>Source\ExampleAIModule.cpp(81): warning C4018: '<' : signed/unsigned mismatch
     1>Source\ExampleAIModule.cpp(105): warning C4018: '<' : signed/unsigned mismatch
     1>Source\ExampleAIModule.cpp(155): warning C4018: '<' : signed/unsigned mismatch
     1>Source\ExampleAIModule.cpp(167): warning C4018: '<' : signed/unsigned mismatch
     1>Source\ExampleAIModule.cpp(179): warning C4018: '<' : signed/unsigned mismatch
     1>Source\ExampleAIModule.cpp(191): warning C4018: '<' : signed/unsigned mismatch
     1>Source\Scouting.cpp(38): warning C4018: '<' : signed/unsigned mismatch
<<<<<<< HEAD
<<<<<<< HEAD
     1>Source\Scouting.cpp(68): warning C4018: '<' : signed/unsigned mismatch
     1>Source\Scouting.cpp(229): warning C4018: '<' : signed/unsigned mismatch
     1>Source\Scouting.cpp(232): warning C4018: '<' : signed/unsigned mismatch
     1>Source\Scouting.cpp(249): warning C4018: '<' : signed/unsigned mismatch
     1>Source\ExampleAIModule.cpp(316): error C2451: conditional expression of type 'void' is illegal
                 Expressions of type void cannot be converted to other types
     1>Source\Scouting.cpp(354): warning C4018: '<' : signed/unsigned mismatch
     1>Source\Scouting.cpp(377): warning C4018: '<' : signed/unsigned mismatch
     1>Source\ExampleAIModule.cpp(470): warning C4018: '<' : signed/unsigned mismatch
     1>Source\Scouting.cpp(386): warning C4018: '<' : signed/unsigned mismatch
     1>Done Building Project "C:\Users\matjias\Source\Repos\Starcraft-Bot\ExampleAIModule\ExampleAIModule.vcxproj" (Rebuild target(s)) -- FAILED.
=======
=======
>>>>>>> cf1c122e59af0ed08a8ad830502e961c1801c278
     1>Source\Scouting.cpp(58): warning C4018: '<' : signed/unsigned mismatch
     1>Source\Scouting.cpp(214): warning C4018: '<' : signed/unsigned mismatch
     1>Source\Scouting.cpp(328): warning C4018: '<' : signed/unsigned mismatch
     1>Source\Scouting.cpp(351): warning C4018: '<' : signed/unsigned mismatch
     1>Source\Scouting.cpp(360): warning C4018: '<' : signed/unsigned mismatch
       Link:
         C:\Program Files (x86)\Microsoft Visual Studio 12.0\VC\bin\link.exe /ERRORREPORT:PROMPT /OUT:"C:\Users\Mildan\Desktop\Starcraft-Bot\ExampleAIModule\Release\ExampleAIModule.dll" /INCREMENTAL:NO /NOLOGO ../lib/BWAPI.lib kernel32.lib user32.lib gdi32.lib winspool.lib comdlg32.lib advapi32.lib shell32.lib ole32.lib oleaut32.lib uuid.lib odbc32.lib odbccp32.lib /MANIFEST /MANIFESTUAC:"level='asInvoker' uiAccess='false'" /manifest:embed /DEBUG /PDB:"C:\Users\Mildan\Desktop\Starcraft-Bot\ExampleAIModule\Release\ExampleAIModule.pdb" /SUBSYSTEM:WINDOWS /OPT:REF /OPT:ICF /LTCG /TLBID:1 /DYNAMICBASE /NXCOMPAT /IMPLIB:"Release\ExampleAIModule.lib" /MACHINE:X86 /SAFESEH /DLL Release\Dll.obj
         Release\ExampleAIModule.obj
         Release\Scouting.obj
            Creating library Release\ExampleAIModule.lib and object Release\ExampleAIModule.exp
         Generating code
         Finished generating code
         ExampleAIModule.vcxproj -> C:\Users\Mildan\Desktop\Starcraft-Bot\ExampleAIModule\Release\ExampleAIModule.dll
     1>Done Building Project "C:\Users\Mildan\Desktop\Starcraft-Bot\ExampleAIModule\ExampleAIModule.vcxproj" (Build target(s)).
>>>>>>> cf1c122e59af0ed08a8ad830502e961c1801c278

Build FAILED.

<<<<<<< HEAD
<<<<<<< HEAD
Time Elapsed 00:00:01.71
=======
Time Elapsed 00:00:08.07
>>>>>>> cf1c122e59af0ed08a8ad830502e961c1801c278
=======
Time Elapsed 00:00:08.07
>>>>>>> cf1c122e59af0ed08a8ad830502e961c1801c278
